<?xml version="1.0" encoding="UTF-8"?>
<!-- Generated by org.testng.reporters.JUnitReportReporter -->
<testsuite hostname="DESKTOP-8GQ3KA3" failures="0" tests="3" name="testng.P1_AllAnnotation" time="0.042" errors="0" timestamp="2025-01-31T10:56:38 IST" skipped="0">
  <testcase classname="testng.P1_AllAnnotation" name="testCase1" time="0.025"/>
  <system-out/>
  <testcase classname="testng.P1_AllAnnotation" name="testCase2" time="0.005"/>
  <system-out/>
  <testcase classname="testng.P1_AllAnnotation" name="testCase3" time="0.012"/>
  <system-out/>
</testsuite> <!-- testng.P1_AllAnnotation -->
