<?xml version="1.0" encoding="UTF-8"?>
<!-- Generated by org.testng.reporters.JUnitReportReporter -->
<testsuite hostname="DESKTOP-8GQ3KA3" failures="0" tests="5" name="testng.P5_EbayTestNGParametersClassLevel" time="10.243" errors="0" timestamp="2025-01-31T12:23:41 IST" skipped="0">
  <testcase classname="testng.P5_EbayTestNGParametersClassLevel" name="browserSettings" time="0.300"/>
  <system-out/>
  <testcase classname="testng.P5_EbayTestNGParametersClassLevel" name="navigateURL" time="4.033"/>
  <system-out/>
  <testcase classname="testng.P5_EbayTestNGParametersClassLevel" name="getPageInfo" time="0.249"/>
  <system-out/>
  <testcase classname="testng.P5_EbayTestNGParametersClassLevel" name="productSearch" time="5.302"/>
  <system-out/>
  <testcase classname="testng.P5_EbayTestNGParametersClassLevel" name="validateSearchResult" time="0.359"/>
  <system-out/>
</testsuite> <!-- testng.P5_EbayTestNGParametersClassLevel -->
