<?xml version="1.0" encoding="UTF-8"?>
<!-- Generated by org.testng.reporters.JUnitReportReporter -->
<testsuite hostname="DESKTOP-8GQ3KA3" failures="0" tests="5" name="testng.P3_EbayTestNG" time="10.067" errors="0" timestamp="2025-01-31T11:27:11 IST" skipped="0">
  <testcase classname="testng.P3_EbayTestNG" name="browserSettings" time="0.364"/>
  <system-out/>
  <testcase classname="testng.P3_EbayTestNG" name="navigateURL" time="2.801"/>
  <system-out/>
  <testcase classname="testng.P3_EbayTestNG" name="getPageInfo" time="0.171"/>
  <system-out/>
  <testcase classname="testng.P3_EbayTestNG" name="productSearch" time="5.746"/>
  <system-out/>
  <testcase classname="testng.P3_EbayTestNG" name="validateSearchResult" time="0.985"/>
  <system-out/>
</testsuite> <!-- testng.P3_EbayTestNG -->
