<?xml version="1.0" encoding="UTF-8"?>
<!-- Generated by org.testng.reporters.JUnitReportReporter -->
<testsuite hostname="DESKTOP-8GQ3KA3" failures="0" tests="5" name="testng.P4_AmazonChild" time="20.679" errors="0" timestamp="2025-01-31T12:17:07 IST" skipped="0">
  <testcase classname="testng.P4_AmazonChild" name="browserSetting" time="0.345"/>
  <system-out/>
  <testcase classname="testng.P4_AmazonChild" name="navigateURL" time="2.427"/>
  <system-out/>
  <testcase classname="testng.P4_AmazonChild" name="getPageInfo" time="0.049"/>
  <system-out/>
  <testcase classname="testng.P4_AmazonChild" name="searchProduct" time="17.390"/>
  <system-out/>
  <testcase classname="testng.P4_AmazonChild" name="getSearchResult" time="0.468"/>
  <system-out/>
</testsuite> <!-- testng.P4_AmazonChild -->
