<?xml version="1.0" encoding="UTF-8"?>
<!-- Generated by org.testng.reporters.JUnitReportReporter -->
<testsuite hostname="DESKTOP-8GQ3KA3" failures="0" tests="5" name="testng.P6_EbayTestNGParametersXMLLevel" time="11.362" errors="0" timestamp="2025-01-31T12:27:05 IST" skipped="0">
  <testcase classname="testng.P6_EbayTestNGParametersXMLLevel" name="browserSettings" time="0.222"/>
  <system-out/>
  <testcase classname="testng.P6_EbayTestNGParametersXMLLevel" name="navigateURL" time="4.808"/>
  <system-out/>
  <testcase classname="testng.P6_EbayTestNGParametersXMLLevel" name="getPageInfo" time="0.138"/>
  <system-out/>
  <testcase classname="testng.P6_EbayTestNGParametersXMLLevel" name="productSearch" time="5.909"/>
  <system-out/>
  <testcase classname="testng.P6_EbayTestNGParametersXMLLevel" name="validateSearchResult" time="0.285"/>
  <system-out/>
</testsuite> <!-- testng.P6_EbayTestNGParametersXMLLevel -->
