<?xml version="1.0" encoding="UTF-8"?>
<!-- Generated by org.testng.reporters.JUnitReportReporter -->
<testsuite hostname="DESKTOP-8GQ3KA3" failures="0" tests="7" name="testng.P8_EbayTestNGDataProviderExcelXMLLevel" time="23.581" errors="0" timestamp="2025-01-31T15:24:01 IST" skipped="0">
  <testcase classname="testng.P8_EbayTestNGDataProviderExcelXMLLevel" name="browserSettings" time="0.324"/>
  <system-out/>
  <testcase classname="testng.P8_EbayTestNGDataProviderExcelXMLLevel" name="navigateURL" time="2.865"/>
  <system-out/>
  <testcase classname="testng.P8_EbayTestNGDataProviderExcelXMLLevel" name="getPageInfo" time="0.174"/>
  <system-out/>
  <testcase classname="testng.P8_EbayTestNGDataProviderExcelXMLLevel" name="productSearch" time="9.126"/>
  <system-out/>
  <testcase classname="testng.P8_EbayTestNGDataProviderExcelXMLLevel" name="productSearch" time="5.017"/>
  <system-out/>
  <testcase classname="testng.P8_EbayTestNGDataProviderExcelXMLLevel" name="productSearch" time="4.365"/>
  <system-out/>
  <testcase classname="testng.P8_EbayTestNGDataProviderExcelXMLLevel" name="validateSearchResult" time="1.710"/>
  <system-out/>
</testsuite> <!-- testng.P8_EbayTestNGDataProviderExcelXMLLevel -->
