<?xml version="1.0" encoding="UTF-8"?>
<!-- Generated by org.testng.reporters.JUnitReportReporter -->
<testsuite hostname="DESKTOP-8GQ3KA3" failures="0" tests="5" name="testng.P4_EbayChild" time="23.961" errors="0" timestamp="2025-01-31T12:17:07 IST" skipped="0">
  <testcase classname="testng.P4_EbayChild" name="browserSettings" time="0.325"/>
  <system-out/>
  <testcase classname="testng.P4_EbayChild" name="navigateURL" time="15.183"/>
  <system-out/>
  <testcase classname="testng.P4_EbayChild" name="getPageInfo" time="0.146"/>
  <system-out/>
  <testcase classname="testng.P4_EbayChild" name="productSearch" time="6.741"/>
  <system-out/>
  <testcase classname="testng.P4_EbayChild" name="validateSearchResult" time="1.566"/>
  <system-out/>
</testsuite> <!-- testng.P4_EbayChild -->
