<?xml version="1.0" encoding="UTF-8"?>
<!-- Generated by org.testng.reporters.JUnitReportReporter -->
<testsuite hostname="DESKTOP-8GQ3KA3" failures="0" tests="7" name="testng.P2_AnnotationProperties" time="0.048" errors="0" timestamp="2025-01-31T11:02:04 IST" skipped="0">
  <testcase classname="testng.P2_AnnotationProperties" name="testCase1" time="0.015"/>
  <system-out/>
  <testcase classname="testng.P2_AnnotationProperties" name="testCase2" time="0.004"/>
  <system-out/>
  <testcase classname="testng.P2_AnnotationProperties" name="testCase2" time="0.009"/>
  <system-out/>
  <testcase classname="testng.P2_AnnotationProperties" name="testCase2" time="0.009"/>
  <system-out/>
  <testcase classname="testng.P2_AnnotationProperties" name="testCase2" time="0.004"/>
  <system-out/>
  <testcase classname="testng.P2_AnnotationProperties" name="testCase2" time="0.004"/>
  <system-out/>
  <testcase classname="testng.P2_AnnotationProperties" name="aestCase3" time="0.003"/>
  <system-out/>
</testsuite> <!-- testng.P2_AnnotationProperties -->
