<?xml version="1.0" encoding="UTF-8"?>
<!-- Generated by org.testng.reporters.JUnitReportReporter -->
<testsuite hostname="DESKTOP-8GQ3KA3" failures="0" tests="7" name="testng.P7_EbayTestNGDataProviderXMLLevel" time="38.283" errors="0" timestamp="2025-01-31T14:45:37 IST" skipped="0">
  <testcase classname="testng.P7_EbayTestNGDataProviderXMLLevel" name="browserSettings" time="0.476"/>
  <system-out/>
  <testcase classname="testng.P7_EbayTestNGDataProviderXMLLevel" name="navigateURL" time="0.616"/>
  <system-out/>
  <testcase classname="testng.P7_EbayTestNGDataProviderXMLLevel" name="getPageInfo" time="3.720"/>
  <system-out/>
  <testcase classname="testng.P7_EbayTestNGDataProviderXMLLevel" name="productSearch" time="12.181"/>
  <system-out/>
  <testcase classname="testng.P7_EbayTestNGDataProviderXMLLevel" name="productSearch" time="9.300"/>
  <system-out/>
  <testcase classname="testng.P7_EbayTestNGDataProviderXMLLevel" name="productSearch" time="6.519"/>
  <system-out/>
  <testcase classname="testng.P7_EbayTestNGDataProviderXMLLevel" name="validateSearchResult" time="5.471"/>
  <system-out/>
</testsuite> <!-- testng.P7_EbayTestNGDataProviderXMLLevel -->
